<?xml version="1.0" encoding="UTF-8"?>
<robot generator="Robot 6.1 (Python 3.11.4 on win32)" generated="20230619 13:19:17.384" rpa="false" schemaversion="4">
<suite id="s1" name="Amazon Testes" source="C:\CursoRobotFramework-Udemy\Secao_03\WebTesting\WebTest_RobotFramework\amazon_testes.robot">
<test id="s1-t1" name="Caso de Teste 01 - Acesso ao menu &quot;Eletronicos&quot;" line="9">
<kw name="Abrir o navegador" library="amazon_resources" type="SETUP">
<kw name="Open Browser" library="SeleniumLibrary">
<arg>browser=${BROWSER}</arg>
<arg>options=add_experimental_option("detach", True)</arg>
<doc>Opens a new browser instance to the optional ``url``.</doc>
<msg timestamp="20230619 13:19:17.798" level="INFO">Opening browser 'chrome' to base url 'None'.</msg>
<status status="PASS" starttime="20230619 13:19:17.797" endtime="20230619 13:19:19.778"/>
</kw>
<kw name="Maximize Browser Window" library="SeleniumLibrary">
<doc>Maximizes current browser window.</doc>
<status status="PASS" starttime="20230619 13:19:19.779" endtime="20230619 13:19:19.956"/>
</kw>
<status status="PASS" starttime="20230619 13:19:17.796" endtime="20230619 13:19:19.956"/>
</kw>
<kw name="Acessar a home page do site Amazon.com.br" library="amazon_resources">
<kw name="Go To" library="SeleniumLibrary">
<arg>url=${URL}</arg>
<doc>Navigates the current browser window to the provided ``url``.</doc>
<msg timestamp="20230619 13:19:19.969" level="INFO">Opening url 'http://www.amazon.com.br'</msg>
<status status="PASS" starttime="20230619 13:19:19.968" endtime="20230619 13:19:22.799"/>
</kw>
<kw name="Wait Until Element Is Visible" library="SeleniumLibrary">
<arg>locator=${MENU_ELETRONICOS}</arg>
<doc>Waits until the element ``locator`` is visible.</doc>
<status status="PASS" starttime="20230619 13:19:22.799" endtime="20230619 13:19:23.363"/>
</kw>
<status status="PASS" starttime="20230619 13:19:19.967" endtime="20230619 13:19:23.363"/>
</kw>
<kw name="Verificar se o título da página fica &quot;Amazon.com.br | Tudo pra você, de A a Z.&quot;" library="amazon_resources" sourcename="Verificar se o título da página fica &quot;${TITULO}&quot;">
<kw name="Title Should Be" library="SeleniumLibrary">
<arg>title=${TITULO}</arg>
<doc>Verifies that the current page title equals ``title``.</doc>
<msg timestamp="20230619 13:19:23.385" level="INFO">Page title is 'Amazon.com.br | Tudo pra você, de A a Z.'.</msg>
<status status="PASS" starttime="20230619 13:19:23.364" endtime="20230619 13:19:23.385"/>
</kw>
<status status="PASS" starttime="20230619 13:19:23.363" endtime="20230619 13:19:23.385"/>
</kw>
<kw name="Entrar no menu &quot;Eletronicos&quot;" library="amazon_resources">
<kw name="Click Element" library="SeleniumLibrary">
<arg>locator=${MENU_ELETRONICOS}</arg>
<doc>Click the element identified by ``locator``.</doc>
<msg timestamp="20230619 13:19:23.388" level="INFO">Clicking element '//a[@href='/Eletronicos-e-Tecnologia/b/?ie=UTF8&amp;node=16209062011&amp;ref_=nav_cs_electronics'][contains(.,'Eletrônicos')]'.</msg>
<status status="PASS" starttime="20230619 13:19:23.387" endtime="20230619 13:19:24.227"/>
</kw>
<status status="PASS" starttime="20230619 13:19:23.386" endtime="20230619 13:19:24.227"/>
</kw>
<kw name="Verificar se aparece a frase &quot;Eletrônicos e Tecnologia&quot;" library="amazon_resources" sourcename="Verificar se aparece a frase &quot;${FRASE}&quot;">
<kw name="Wait Until Page Contains" library="SeleniumLibrary">
<arg>text=${FRASE}</arg>
<doc>Waits until ``text`` appears on the current page.</doc>
<status status="PASS" starttime="20230619 13:19:24.235" endtime="20230619 13:19:24.551"/>
</kw>
<kw name="Wait Until Element Is Visible" library="SeleniumLibrary">
<arg>locator=${HEDER_ELETRONICOS}</arg>
<doc>Waits until the element ``locator`` is visible.</doc>
<status status="PASS" starttime="20230619 13:19:24.552" endtime="20230619 13:19:25.924"/>
</kw>
<status status="PASS" starttime="20230619 13:19:24.230" endtime="20230619 13:19:25.924"/>
</kw>
<kw name="Verificar se o título da página fica &quot;Eletrônicos e Tecnologia | Amazon.com.br&quot;" library="amazon_resources" sourcename="Verificar se o título da página fica &quot;${TITULO}&quot;">
<kw name="Title Should Be" library="SeleniumLibrary">
<arg>title=${TITULO}</arg>
<doc>Verifies that the current page title equals ``title``.</doc>
<msg timestamp="20230619 13:19:26.435" level="INFO">Page title is 'Eletrônicos e Tecnologia | Amazon.com.br'.</msg>
<status status="PASS" starttime="20230619 13:19:25.930" endtime="20230619 13:19:26.435"/>
</kw>
<status status="PASS" starttime="20230619 13:19:25.929" endtime="20230619 13:19:26.435"/>
</kw>
<kw name="Verificar se aparece a categoria &quot;Computadores e Informática&quot;" library="amazon_resources" sourcename="Verificar se aparece a categoria &quot;${NOME_CATEGORIA}&quot;">
<kw name="Element Should Be Visible" library="SeleniumLibrary">
<arg>locator=//img[contains(@alt,'${NOME_CATEGORIA}')]</arg>
<doc>Verifies that the element identified by ``locator`` is visible.</doc>
<msg timestamp="20230619 13:19:26.908" level="INFO">Element '//img[contains(@alt,'Computadores e Informática')]' is displayed.</msg>
<status status="PASS" starttime="20230619 13:19:26.437" endtime="20230619 13:19:26.908"/>
</kw>
<status status="PASS" starttime="20230619 13:19:26.436" endtime="20230619 13:19:26.908"/>
</kw>
<kw name="Verificar se aparece a categoria &quot;Tablets&quot;" library="amazon_resources" sourcename="Verificar se aparece a categoria &quot;${NOME_CATEGORIA}&quot;">
<kw name="Element Should Be Visible" library="SeleniumLibrary">
<arg>locator=//img[contains(@alt,'${NOME_CATEGORIA}')]</arg>
<doc>Verifies that the element identified by ``locator`` is visible.</doc>
<msg timestamp="20230619 13:19:27.252" level="INFO">Element '//img[contains(@alt,'Tablets')]' is displayed.</msg>
<status status="PASS" starttime="20230619 13:19:26.911" endtime="20230619 13:19:27.253"/>
</kw>
<status status="PASS" starttime="20230619 13:19:26.910" endtime="20230619 13:19:27.253"/>
</kw>
<kw name="Fechar o navegador" library="amazon_resources" type="TEARDOWN">
<kw name="Capture Page Screenshot" library="SeleniumLibrary">
<doc>Takes a screenshot of the current page and embeds it into a log file.</doc>
<msg timestamp="20230619 13:19:27.760" level="INFO" html="true">&lt;/td&gt;&lt;/tr&gt;&lt;tr&gt;&lt;td colspan="3"&gt;&lt;a href="selenium-screenshot-5.png"&gt;&lt;img src="selenium-screenshot-5.png" width="800px"&gt;&lt;/a&gt;</msg>
<status status="PASS" starttime="20230619 13:19:27.254" endtime="20230619 13:19:27.761"/>
</kw>
<kw name="Close Browser" library="SeleniumLibrary">
<doc>Closes the current browser.</doc>
<status status="PASS" starttime="20230619 13:19:27.761" endtime="20230619 13:19:30.191"/>
</kw>
<status status="PASS" starttime="20230619 13:19:27.254" endtime="20230619 13:19:30.191"/>
</kw>
<doc>Esse teste verifica o menu eletronicos do site da Amazon.com.br
e verifica a categoria Computadores e Informática</doc>
<tag>categorias</tag>
<tag>menus</tag>
<status status="PASS" starttime="20230619 13:19:17.790" endtime="20230619 13:19:30.193"/>
</test>
<test id="s1-t2" name="Caso de Teste 02 - Pesquisa de um Produto" line="21">
<kw name="Abrir o navegador" library="amazon_resources" type="SETUP">
<kw name="Open Browser" library="SeleniumLibrary">
<arg>browser=${BROWSER}</arg>
<arg>options=add_experimental_option("detach", True)</arg>
<doc>Opens a new browser instance to the optional ``url``.</doc>
<msg timestamp="20230619 13:19:30.203" level="INFO">Opening browser 'chrome' to base url 'None'.</msg>
<status status="PASS" starttime="20230619 13:19:30.202" endtime="20230619 13:19:32.184"/>
</kw>
<kw name="Maximize Browser Window" library="SeleniumLibrary">
<doc>Maximizes current browser window.</doc>
<status status="PASS" starttime="20230619 13:19:32.185" endtime="20230619 13:19:32.425"/>
</kw>
<status status="PASS" starttime="20230619 13:19:30.200" endtime="20230619 13:19:32.425"/>
</kw>
<kw name="Acessar a home page do site Amazon.com.br" library="amazon_resources">
<kw name="Go To" library="SeleniumLibrary">
<arg>url=${URL}</arg>
<doc>Navigates the current browser window to the provided ``url``.</doc>
<msg timestamp="20230619 13:19:32.432" level="INFO">Opening url 'http://www.amazon.com.br'</msg>
<status status="PASS" starttime="20230619 13:19:32.430" endtime="20230619 13:19:35.179"/>
</kw>
<kw name="Wait Until Element Is Visible" library="SeleniumLibrary">
<arg>locator=${MENU_ELETRONICOS}</arg>
<doc>Waits until the element ``locator`` is visible.</doc>
<status status="PASS" starttime="20230619 13:19:35.179" endtime="20230619 13:19:35.567"/>
</kw>
<status status="PASS" starttime="20230619 13:19:32.428" endtime="20230619 13:19:35.567"/>
</kw>
<kw name="Digitar o nome de produto &quot;Xbox Series S&quot; no campo de pesquisa" library="amazon_resources" sourcename="Digitar o nome de produto &quot;${PRODUTO}&quot; no campo de pesquisa">
<kw name="Input Text" library="SeleniumLibrary">
<arg>locator=//input[contains(@type,'text')]</arg>
<arg>text=${PRODUTO}</arg>
<doc>Types the given ``text`` into the text field identified by ``locator``.</doc>
<msg timestamp="20230619 13:19:35.570" level="INFO">Typing text 'Xbox Series S' into text field '//input[contains(@type,'text')]'.</msg>
<status status="PASS" starttime="20230619 13:19:35.569" endtime="20230619 13:19:36.108"/>
</kw>
<status status="PASS" starttime="20230619 13:19:35.568" endtime="20230619 13:19:36.108"/>
</kw>
<kw name=" Clicar no botão de pesquisa" library="amazon_resources">
<kw name="Click Element" library="SeleniumLibrary">
<arg>locator=nav-search-submit-button</arg>
<doc>Click the element identified by ``locator``.</doc>
<msg timestamp="20230619 13:19:36.112" level="INFO">Clicking element 'nav-search-submit-button'.</msg>
<status status="PASS" starttime="20230619 13:19:36.111" endtime="20230619 13:19:36.609"/>
</kw>
<status status="PASS" starttime="20230619 13:19:36.110" endtime="20230619 13:19:36.609"/>
</kw>
<kw name="Verificar o resultado da pesquisa se está listando o produto &quot;Console Xbox Series S&quot;" library="amazon_resources" sourcename="Verificar o resultado da pesquisa se está listando o produto &quot;${PRODUTO}&quot;">
<kw name="Wait Until Element Is Visible" library="SeleniumLibrary">
<arg>locator=(//span[contains(.,'${PRODUTO}')])[3]</arg>
<doc>Waits until the element ``locator`` is visible.</doc>
<status status="PASS" starttime="20230619 13:19:36.614" endtime="20230619 13:19:39.048"/>
</kw>
<status status="PASS" starttime="20230619 13:19:36.612" endtime="20230619 13:19:39.048"/>
</kw>
<kw name="Fechar o navegador" library="amazon_resources" type="TEARDOWN">
<kw name="Capture Page Screenshot" library="SeleniumLibrary">
<doc>Takes a screenshot of the current page and embeds it into a log file.</doc>
<msg timestamp="20230619 13:19:39.881" level="INFO" html="true">&lt;/td&gt;&lt;/tr&gt;&lt;tr&gt;&lt;td colspan="3"&gt;&lt;a href="selenium-screenshot-6.png"&gt;&lt;img src="selenium-screenshot-6.png" width="800px"&gt;&lt;/a&gt;</msg>
<status status="PASS" starttime="20230619 13:19:39.050" endtime="20230619 13:19:39.882"/>
</kw>
<kw name="Close Browser" library="SeleniumLibrary">
<doc>Closes the current browser.</doc>
<status status="PASS" starttime="20230619 13:19:39.882" endtime="20230619 13:19:42.456"/>
</kw>
<status status="PASS" starttime="20230619 13:19:39.049" endtime="20230619 13:19:42.456"/>
</kw>
<doc>Esse teste verifica a busca de um produto</doc>
<tag>busca_produtos</tag>
<tag>lista_busca</tag>
<status status="PASS" starttime="20230619 13:19:30.197" endtime="20230619 13:19:42.458"/>
</test>
<doc>Essa suíte testa o site da Amazon.com.br</doc>
<status status="PASS" starttime="20230619 13:19:17.386" endtime="20230619 13:19:42.465"/>
</suite>
<statistics>
<total>
<stat pass="2" fail="0" skip="0">All Tests</stat>
</total>
<tag>
<stat pass="1" fail="0" skip="0">busca_produtos</stat>
<stat pass="1" fail="0" skip="0">categorias</stat>
<stat pass="1" fail="0" skip="0">lista_busca</stat>
<stat pass="1" fail="0" skip="0">menus</stat>
</tag>
<suite>
<stat pass="2" fail="0" skip="0" id="s1" name="Amazon Testes">Amazon Testes</stat>
</suite>
</statistics>
<errors>
</errors>
</robot>
